#
# There is insufficient memory for the Java Runtime Environment to continue.
# Native memory allocation (malloc) failed to allocate 571296 bytes for Chunk::new
# Possible reasons:
#   The system is out of physical RAM or swap space
#   In 32 bit mode, the process size limit was hit
# Possible solutions:
#   Reduce memory load on the system
#   Increase physical memory or swap space
#   Check if swap backing store is full
#   Use 64 bit Java on a 64 bit OS
#   Decrease Java heap size (-Xmx/-Xms)
#   Decrease number of Java threads
#   Decrease Java thread stack sizes (-Xss)
#   Set larger code cache with -XX:ReservedCodeCacheSize=
# This output file may be truncated or incomplete.
#
#  Out of Memory Error (allocation.cpp:390), pid=10124, tid=3108
#
# JRE version: Java(TM) SE Runtime Environment (8.0_51-b16) (build 1.8.0_51-b16)
# Java VM: Java HotSpot(TM) 64-Bit Server VM (25.51-b03 mixed mode windows-amd64 compressed oops)
# Failed to write core dump. Minidumps are not enabled by default on client versions of Windows
#

---------------  T H R E A D  ---------------

Current thread (0x0000000058054000):  JavaThread "C2 CompilerThread0" daemon [_thread_in_native, id=3108, stack(0x00000000586f0000,0x00000000587f0000)]

Stack: [0x00000000586f0000,0x00000000587f0000]
Native frames: (J=compiled Java code, j=interpreted, Vv=VM code, C=native code)
V  [jvm.dll+0x32b4ca]


Current CompileTask:
C2:  29174 4315   !   4       com.sun.org.apache.xml.internal.dtm.ref.dom2dtm.DOM2DTM::addNode (417 bytes)


---------------  P R O C E S S  ---------------

Java Threads: ( => current thread )
  0x0000000059478800 JavaThread "container-0" [_thread_blocked, id=11172, stack(0x000000005dff0000,0x000000005e0f0000)]
  0x000000005d16d800 JavaThread "Catalina-utility-2" [_thread_blocked, id=8840, stack(0x000000005de20000,0x000000005df20000)]
  0x0000000059c7e800 JavaThread "Catalina-utility-1" [_thread_blocked, id=10920, stack(0x000000005bb50000,0x000000005bc50000)]
  0x0000000058067000 JavaThread "Service Thread" daemon [_thread_blocked, id=10620, stack(0x00000000589b0000,0x0000000058ab0000)]
  0x0000000058060000 JavaThread "C1 CompilerThread2" daemon [_thread_blocked, id=10640, stack(0x0000000058880000,0x0000000058980000)]
  0x0000000058055000 JavaThread "C2 CompilerThread1" daemon [_thread_in_native, id=8976, stack(0x0000000057b50000,0x0000000057c50000)]
=>0x0000000058054000 JavaThread "C2 CompilerThread0" daemon [_thread_in_native, id=3108, stack(0x00000000586f0000,0x00000000587f0000)]
  0x0000000058052800 JavaThread "Monitor Ctrl-Break" daemon [_thread_in_native, id=9308, stack(0x00000000585e0000,0x00000000586e0000)]
  0x000000005631e800 JavaThread "Attach Listener" daemon [_thread_blocked, id=5176, stack(0x0000000057ce0000,0x0000000057de0000)]
  0x0000000056318800 JavaThread "Signal Dispatcher" daemon [_thread_blocked, id=10392, stack(0x00000000579f0000,0x0000000057af0000)]
  0x00000000562c0000 JavaThread "Finalizer" daemon [_thread_blocked, id=1128, stack(0x0000000057340000,0x0000000057440000)]
  0x00000000562b9000 JavaThread "Reference Handler" daemon [_thread_blocked, id=11020, stack(0x00000000574c0000,0x00000000575c0000)]
  0x000000000210a000 JavaThread "main" [_thread_in_native, id=10860, stack(0x00000000022c0000,0x00000000023c0000)]

Other Threads:
  0x00000000562b3800 VMThread [stack: 0x00000000571e0000,0x00000000572e0000] [id=3036]
  0x0000000058069000 WatcherThread [stack: 0x0000000058ca0000,0x0000000058da0000] [id=10676]

VM state:not at safepoint (normal execution)

VM Mutex/Monitor currently owned by a thread: None

Heap:
 PSYoungGen      total 172032K, used 154280K [0x00000000e0180000, 0x00000000ef000000, 0x0000000100000000)
  eden space 159744K, 96% used [0x00000000e0180000,0x00000000e982a240,0x00000000e9d80000)
  from space 12288K, 0% used [0x00000000e9d80000,0x00000000e9d80000,0x00000000ea980000)
  to   space 12800K, 0% used [0x00000000ee380000,0x00000000ee380000,0x00000000ef000000)
 ParOldGen       total 60416K, used 14196K [0x00000000a0400000, 0x00000000a3f00000, 0x00000000e0180000)
  object space 60416K, 23% used [0x00000000a0400000,0x00000000a11dd180,0x00000000a3f00000)
 Metaspace       used 42879K, capacity 44674K, committed 44848K, reserved 1087488K
  class space    used 5570K, capacity 5909K, committed 5936K, reserved 1048576K

Card table byte_map: [0x0000000011980000,0x0000000011c80000] byte_map_base: 0x000000001147e000

Marking Bits: (ParMarkBitMap*) 0x0000000071364040
 Begin Bits: [0x0000000012640000, 0x0000000013e30000)
 End Bits:   [0x0000000013e30000, 0x0000000015620000)

Polling page: 0x0000000000310000

CodeCache: size=245760Kb used=14425Kb max_used=14425Kb free=231334Kb
 bounds [0x00000000025c0000, 0x00000000033f0000, 0x00000000115c0000]
 total_blobs=4380 nmethods=3934 adapters=358
 compilation: enabled

Compilation events (10 events):
Event: 28.818 Thread 0x0000000058060000 4314       3       com.sun.org.apache.xerces.internal.dom.ChildNode::parentNode (16 bytes)
Event: 28.818 Thread 0x0000000058060000 nmethod 4314 0x00000000033c4990 code [0x00000000033c4b00, 0x00000000033c4df0]
Event: 28.818 Thread 0x0000000058060000 4312       3       java.util.Properties::<init> (6 bytes)
Event: 28.818 Thread 0x0000000058060000 nmethod 4312 0x00000000033c4450 code [0x00000000033c45e0, 0x00000000033c4868]
Event: 28.818 Thread 0x0000000058060000 4313       3       java.util.Properties::<init> (10 bytes)
Event: 28.819 Thread 0x0000000058060000 nmethod 4313 0x00000000033c3fd0 code [0x00000000033c4160, 0x00000000033c4388]
Event: 28.819 Thread 0x0000000058060000 4317       3       org.apache.ibatis.parsing.PropertyParser$VariableTokenHandler::<init> (37 bytes)
Event: 28.820 Thread 0x0000000058060000 nmethod 4317 0x00000000033c31d0 code [0x00000000033c33a0, 0x00000000033c3ca8]
Event: 28.820 Thread 0x0000000058060000 4320       1       java.lang.Enum::name (5 bytes)
Event: 28.820 Thread 0x0000000058060000 nmethod 4320 0x00000000033c2f10 code [0x00000000033c3060, 0x00000000033c3170]

GC Heap History (10 events):
Event: 5.137 GC heap before
{Heap before GC invocations=7 (full 1):
 PSYoungGen      total 107008K, used 6423K [0x00000000e0180000, 0x00000000e7280000, 0x0000000100000000)
  eden space 98304K, 0% used [0x00000000e0180000,0x00000000e0180000,0x00000000e6180000)
  from space 8704K, 73% used [0x00000000e6a00000,0x00000000e7045e50,0x00000000e7280000)
  to   space 8704K, 0% used [0x00000000e6180000,0x00000000e6180000,0x00000000e6a00000)
 ParOldGen       total 65536K, used 6068K [0x00000000a0400000, 0x00000000a4400000, 0x00000000e0180000)
  object space 65536K, 9% used [0x00000000a0400000,0x00000000a09ed330,0x00000000a4400000)
 Metaspace       used 20612K, capacity 21200K, committed 21296K, reserved 1067008K
  class space    used 2658K, capacity 2820K, committed 2864K, reserved 1048576K
Event: 5.173 GC heap after
Heap after GC invocations=7 (full 1):
 PSYoungGen      total 107008K, used 0K [0x00000000e0180000, 0x00000000e7280000, 0x0000000100000000)
  eden space 98304K, 0% used [0x00000000e0180000,0x00000000e0180000,0x00000000e6180000)
  from space 8704K, 0% used [0x00000000e6a00000,0x00000000e6a00000,0x00000000e7280000)
  to   space 8704K, 0% used [0x00000000e6180000,0x00000000e6180000,0x00000000e6a00000)
 ParOldGen       total 41984K, used 6546K [0x00000000a0400000, 0x00000000a2d00000, 0x00000000e0180000)
  object space 41984K, 15% used [0x00000000a0400000,0x00000000a0a64b68,0x00000000a2d00000)
 Metaspace       used 20612K, capacity 21200K, committed 21296K, reserved 1067008K
  class space    used 2658K, capacity 2820K, committed 2864K, reserved 1048576K
}
Event: 9.770 GC heap before
{Heap before GC invocations=8 (full 1):
 PSYoungGen      total 107008K, used 98304K [0x00000000e0180000, 0x00000000e7280000, 0x0000000100000000)
  eden space 98304K, 100% used [0x00000000e0180000,0x00000000e6180000,0x00000000e6180000)
  from space 8704K, 0% used [0x00000000e6a00000,0x00000000e6a00000,0x00000000e7280000)
  to   space 8704K, 0% used [0x00000000e6180000,0x00000000e6180000,0x00000000e6a00000)
 ParOldGen       total 41984K, used 6546K [0x00000000a0400000, 0x00000000a2d00000, 0x00000000e0180000)
  object space 41984K, 15% used [0x00000000a0400000,0x00000000a0a64b68,0x00000000a2d00000)
 Metaspace       used 27381K, capacity 28296K, committed 28336K, reserved 1073152K
  class space    used 3511K, capacity 3742K, committed 3760K, reserved 1048576K
Event: 9.782 GC heap after
Heap after GC invocations=8 (full 1):
 PSYoungGen      total 107008K, used 8632K [0x00000000e0180000, 0x00000000eb580000, 0x0000000100000000)
  eden space 98304K, 0% used [0x00000000e0180000,0x00000000e0180000,0x00000000e6180000)
  from space 8704K, 99% used [0x00000000e6180000,0x00000000e69ee268,0x00000000e6a00000)
  to   space 9728K, 0% used [0x00000000eac00000,0x00000000eac00000,0x00000000eb580000)
 ParOldGen       total 41984K, used 6618K [0x00000000a0400000, 0x00000000a2d00000, 0x00000000e0180000)
  object space 41984K, 15% used [0x00000000a0400000,0x00000000a0a76b78,0x00000000a2d00000)
 Metaspace       used 27381K, capacity 28296K, committed 28336K, reserved 1073152K
  class space    used 3511K, capacity 3742K, committed 3760K, reserved 1048576K
}
Event: 19.248 GC heap before
{Heap before GC invocations=9 (full 1):
 PSYoungGen      total 107008K, used 106936K [0x00000000e0180000, 0x00000000eb580000, 0x0000000100000000)
  eden space 98304K, 100% used [0x00000000e0180000,0x00000000e6180000,0x00000000e6180000)
  from space 8704K, 99% used [0x00000000e6180000,0x00000000e69ee268,0x00000000e6a00000)
  to   space 9728K, 0% used [0x00000000eac00000,0x00000000eac00000,0x00000000eb580000)
 ParOldGen       total 41984K, used 6618K [0x00000000a0400000, 0x00000000a2d00000, 0x00000000e0180000)
  object space 41984K, 15% used [0x00000000a0400000,0x00000000a0a76b78,0x00000000a2d00000)
 Metaspace       used 32701K, capacity 33792K, committed 33968K, reserved 1079296K
  class space    used 4194K, capacity 4422K, committed 4528K, reserved 1048576K
Event: 19.265 GC heap after
Heap after GC invocations=9 (full 1):
 PSYoungGen      total 168960K, used 9724K [0x00000000e0180000, 0x00000000eb580000, 0x0000000100000000)
  eden space 159232K, 0% used [0x00000000e0180000,0x00000000e0180000,0x00000000e9d00000)
  from space 9728K, 99% used [0x00000000eac00000,0x00000000eb57f138,0x00000000eb580000)
  to   space 12288K, 0% used [0x00000000e9d80000,0x00000000e9d80000,0x00000000ea980000)
 ParOldGen       total 41984K, used 8948K [0x00000000a0400000, 0x00000000a2d00000, 0x00000000e0180000)
  object space 41984K, 21% used [0x00000000a0400000,0x00000000a0cbd0b0,0x00000000a2d00000)
 Metaspace       used 32701K, capacity 33792K, committed 33968K, reserved 1079296K
  class space    used 4194K, capacity 4422K, committed 4528K, reserved 1048576K
}
Event: 20.455 GC heap before
{Heap before GC invocations=10 (full 1):
 PSYoungGen      total 168960K, used 32788K [0x00000000e0180000, 0x00000000eb580000, 0x0000000100000000)
  eden space 159232K, 14% used [0x00000000e0180000,0x00000000e1806238,0x00000000e9d00000)
  from space 9728K, 99% used [0x00000000eac00000,0x00000000eb57f138,0x00000000eb580000)
  to   space 12288K, 0% used [0x00000000e9d80000,0x00000000e9d80000,0x00000000ea980000)
 ParOldGen       total 41984K, used 8948K [0x00000000a0400000, 0x00000000a2d00000, 0x00000000e0180000)
  object space 41984K, 21% used [0x00000000a0400000,0x00000000a0cbd0b0,0x00000000a2d00000)
 Metaspace       used 33956K, capacity 35386K, committed 35496K, reserved 1081344K
  class space    used 4358K, capacity 4633K, committed 4656K, reserved 1048576K
Event: 20.469 GC heap after
Heap after GC invocations=10 (full 1):
 PSYoungGen      total 172032K, used 9522K [0x00000000e0180000, 0x00000000ef000000, 0x0000000100000000)
  eden space 159744K, 0% used [0x00000000e0180000,0x00000000e0180000,0x00000000e9d80000)
  from space 12288K, 77% used [0x00000000e9d80000,0x00000000ea6cca38,0x00000000ea980000)
  to   space 12800K, 0% used [0x00000000ee380000,0x00000000ee380000,0x00000000ef000000)
 ParOldGen       total 41984K, used 8956K [0x00000000a0400000, 0x00000000a2d00000, 0x00000000e0180000)
  object space 41984K, 21% used [0x00000000a0400000,0x00000000a0cbf0b0,0x00000000a2d00000)
 Metaspace       used 33956K, capacity 35386K, committed 35496K, reserved 1081344K
  class space    used 4358K, capacity 4633K, committed 4656K, reserved 1048576K
}
Event: 20.469 GC heap before
{Heap before GC invocations=11 (full 2):
 PSYoungGen      total 172032K, used 9522K [0x00000000e0180000, 0x00000000ef000000, 0x0000000100000000)
  eden space 159744K, 0% used [0x00000000e0180000,0x00000000e0180000,0x00000000e9d80000)
  from space 12288K, 77% used [0x00000000e9d80000,0x00000000ea6cca38,0x00000000ea980000)
  to   space 12800K, 0% used [0x00000000ee380000,0x00000000ee380000,0x00000000ef000000)
 ParOldGen       total 41984K, used 8956K [0x00000000a0400000, 0x00000000a2d00000, 0x00000000e0180000)
  object space 41984K, 21% used [0x00000000a0400000,0x00000000a0cbf0b0,0x00000000a2d00000)
 Metaspace       used 33956K, capacity 35386K, committed 35496K, reserved 1081344K
  class space    used 4358K, capacity 4633K, committed 4656K, reserved 1048576K
Event: 20.541 GC heap after
Heap after GC invocations=11 (full 2):
 PSYoungGen      total 172032K, used 0K [0x00000000e0180000, 0x00000000ef000000, 0x0000000100000000)
  eden space 159744K, 0% used [0x00000000e0180000,0x00000000e0180000,0x00000000e9d80000)
  from space 12288K, 0% used [0x00000000e9d80000,0x00000000e9d80000,0x00000000ea980000)
  to   space 12800K, 0% used [0x00000000ee380000,0x00000000ee380000,0x00000000ef000000)
 ParOldGen       total 60416K, used 14196K [0x00000000a0400000, 0x00000000a3f00000, 0x00000000e0180000)
  object space 60416K, 23% used [0x00000000a0400000,0x00000000a11dd180,0x00000000a3f00000)
 Metaspace       used 33956K, capacity 35386K, committed 35496K, reserved 1081344K
  class space    used 4358K, capacity 4633K, committed 4656K, reserved 1048576K
}

Deoptimization events (10 events):
Event: 28.065 Thread 0x000000000210a000 Uncommon trap: reason=class_check action=maybe_recompile pc=0x0000000002cebc18 method=java.net.URLClassLoader.defineClass(Ljava/lang/String;Lsun/misc/Resource;)Ljava/lang/Class; @ 13
Event: 28.120 Thread 0x000000000210a000 Uncommon trap: reason=class_check action=maybe_recompile pc=0x0000000002cebc18 method=java.net.URLClassLoader.defineClass(Ljava/lang/String;Lsun/misc/Resource;)Ljava/lang/Class; @ 13
Event: 28.121 Thread 0x000000000210a000 Uncommon trap: reason=class_check action=maybe_recompile pc=0x0000000002cebc18 method=java.net.URLClassLoader.defineClass(Ljava/lang/String;Lsun/misc/Resource;)Ljava/lang/Class; @ 13
Event: 28.259 Thread 0x000000000210a000 Uncommon trap: reason=unstable_if action=reinterpret pc=0x000000000280c2d0 method=java.lang.AbstractStringBuilder.append(Ljava/lang/String;)Ljava/lang/AbstractStringBuilder; @ 1
Event: 28.340 Thread 0x000000000210a000 Uncommon trap: reason=bimorphic action=maybe_recompile pc=0x0000000002d515a0 method=java.util.Hashtable.get(Ljava/lang/Object;)Ljava/lang/Object; @ 6
Event: 28.432 Thread 0x000000000210a000 Uncommon trap: reason=unstable_if action=reinterpret pc=0x0000000003144e7c method=com.sun.org.apache.xerces.internal.impl.XMLEntityScanner.skipSpaces()Z @ 62
Event: 28.563 Thread 0x000000000210a000 Uncommon trap: reason=unstable_if action=reinterpret pc=0x00000000027c5924 method=java.lang.AbstractStringBuilder.append(Ljava/lang/String;)Ljava/lang/AbstractStringBuilder; @ 1
Event: 28.617 Thread 0x000000000210a000 Uncommon trap: reason=unstable_if action=reinterpret pc=0x000000000308a320 method=java.lang.String.valueOf(Ljava/lang/Object;)Ljava/lang/String; @ 1
Event: 28.804 Thread 0x000000000210a000 Uncommon trap: reason=unstable_if action=reinterpret pc=0x0000000002d3aacc method=com.sun.org.apache.xml.internal.utils.SuballocatedIntVector.setElementAt(II)V @ 5
Event: 28.804 Thread 0x000000000210a000 Uncommon trap: reason=unstable_if action=reinterpret pc=0x000000000339eee8 method=com.sun.org.apache.xml.internal.utils.SuballocatedIntVector.elementAt(I)I @ 5

Internal exceptions (10 events):
Event: 27.531 Thread 0x000000000210a000 Exception <a 'java/lang/NullPointerException'> (0x00000000e75d7620) thrown at [C:\re\workspace\8-2-build-windows-amd64-cygwin\jdk8u51\3951\hotspot\src\share\vm\runtime\sharedRuntime.cpp, line 605]
Event: 27.629 Thread 0x000000000210a000 Exception <a 'java/lang/ClassNotFoundException': java/lang/ObjectCustomizer> (0x00000000e78a15f0) thrown at [C:\re\workspace\8-2-build-windows-amd64-cygwin\jdk8u51\3951\hotspot\src\share\vm\classfile\systemDictionary.cpp, line 210]
Event: 27.631 Thread 0x000000000210a000 Exception <a 'java/lang/ClassNotFoundException': org/springframework/dao/support/DaoSupportCustomizer> (0x00000000e78c8668) thrown at [C:\re\workspace\8-2-build-windows-amd64-cygwin\jdk8u51\3951\hotspot\src\share\vm\classfile\systemDictionary.cpp, line 210Ný[¹¡;@
Event: 27.632 Thread 0x000000000210a000 Exception <a 'java/lang/ClassNotFoundException': org/mybatis/spring/support/SqlSessionDaoSupportCustomizer> (0x00000000e78ef680) thrown at [C:\re\workspace\8-2-build-windows-amd64-cygwin\jdk8u51\3951\hotspot\src\share\vm\classfile\systemDictionary.cpp, lin/>ö`¢;@
Event: 27.633 Thread 0x000000000210a000 Exception <a 'java/lang/ClassNotFoundException': org/mybatis/spring/mapper/MapperFactoryBeanCustomizer> (0x00000000e791b148) thrown at [C:\re\workspace\8-2-build-windows-amd64-cygwin\jdk8u51\3951\hotspot\src\share\vm\classfile\systemDictionary.cpp, line 21^XƒNð¢;@
Event: 27.636 Thread 0x000000000210a000 Exception <a 'java/lang/ClassNotFoundException': org/springframework/beans/factory/FactoryBeanCustomizer> (0x00000000e79512b0) thrown at [C:\re\workspace\8-2-build-windows-amd64-cygwin\jdk8u51\3951\hotspot\src\share\vm\classfile\systemDictionary.cpp, line ZÜúQc£;@
Event: 27.638 Thread 0x000000000210a000 Exception <a 'java/lang/ClassNotFoundException': org/springframework/beans/factory/InitializingBeanCustomizer> (0x00000000e797d620) thrown at [C:\re\workspace\8-2-build-windows-amd64-cygwin\jdk8u51\3951\hotspot\src\share\vm\classfile\systemDictionary.cpp, 2ÄjhB<@
Event: 28.259 Thread 0x000000000210a000 Implicit null exception at 0x000000000280bf86 to 0x000000000280c2b9
Event: 28.563 Thread 0x000000000210a000 Implicit null exception at 0x00000000027c55c4 to 0x00000000027c590d
Event: 28.617 Thread 0x000000000210a000 Implicit null exception at 0x0000000003089f81 to 0x000000000308a309

Events (10 events):
Event: 28.838 loading class org/mybatis/spring/MyBatisSystemException
Event: 28.838 loading class org/mybatis/spring/MyBatisSystemException done
Event: 28.838 loading class org/springframework/dao/UncategorizedDataAccessException
Event: 28.838 loading class org/springframework/dao/UncategorizedDataAccessException done
Event: 28.838 loading class org/springframework/jdbc/support/SQLExceptionTranslator
Event: 28.838 loading class org/springframework/jdbc/support/SQLExceptionTranslator done
Event: 28.839 loading class org/mybatis/spring/SqlSessionTemplate$SqlSessionInterceptor
Event: 28.839 loading class org/mybatis/spring/SqlSessionTemplate$SqlSessionInterceptor done
Event: 28.840 loading class org/apache/ibatis/cursor/Cursor
Event: 28.840 loading class org/apache/ibatis/cursor/Cursor done


Dynamic libraries:
0x000000013f430000 - 0x000000013f467000 	D:\jdk\bin\java.exe
0x0000000076dc0000 - 0x0000000076f6a000 	C:\Windows\SYSTEM32\ntdll.dll
0x0000000076ca0000 - 0x0000000076dbf000 	C:\Windows\system32\kernel32.dll
0x000007fefd000000 - 0x000007fefd06b000 	C:\Windows\system32\KERNELBASE.dll
0x000007fefeb50000 - 0x000007fefec2b000 	C:\Windows\system32\ADVAPI32.dll
0x000007fefee30000 - 0x000007fefeecf000 	C:\Windows\system32\msvcrt.dll
0x000007fefec30000 - 0x000007fefec4f000 	C:\Windows\SYSTEM32\sechost.dll
0x000007fefd320000 - 0x000007fefd44d000 	C:\Windows\system32\RPCRT4.dll
0x0000000076ba0000 - 0x0000000076c9a000 	C:\Windows\system32\USER32.dll
0x000007fefe9f0000 - 0x000007fefea57000 	C:\Windows\system32\GDI32.dll
0x000007fefea60000 - 0x000007fefea6e000 	C:\Windows\system32\LPK.dll
0x000007fefef80000 - 0x000007feff04a000 	C:\Windows\system32\USP10.dll
0x000007fefaa10000 - 0x000007fefac04000 	C:\Windows\WinSxS\amd64_microsoft.windows.common-controls_6595b64144ccf1df_6.0.7601.18837_none_fa3b1e3d17594757\COMCTL32.dll
0x000007feff050000 - 0x000007feff0c1000 	C:\Windows\system32\SHLWAPI.dll
0x000007fefef50000 - 0x000007fefef7e000 	C:\Windows\system32\IMM32.DLL
0x000007fefd200000 - 0x000007fefd309000 	C:\Windows\system32\MSCTF.dll
0x00000000713f0000 - 0x00000000714c2000 	D:\jdk\jre\bin\msvcr100.dll
0x0000000070b60000 - 0x00000000713e3000 	D:\jdk\jre\bin\server\jvm.dll
0x000007fef84c0000 - 0x000007fef84c9000 	C:\Windows\system32\WSOCK32.dll
0x000007fefda20000 - 0x000007fefda6d000 	C:\Windows\system32\WS2_32.dll
0x000007fefd310000 - 0x000007fefd318000 	C:\Windows\system32\NSI.dll
0x000007fefa600000 - 0x000007fefa63b000 	C:\Windows\system32\WINMM.dll
0x000007fefbe00000 - 0x000007fefbe0c000 	C:\Windows\system32\VERSION.dll
0x0000000076f80000 - 0x0000000076f87000 	C:\Windows\system32\PSAPI.DLL
0x0000000070b50000 - 0x0000000070b5f000 	D:\jdk\jre\bin\verify.dll
0x0000000070b20000 - 0x0000000070b49000 	D:\jdk\jre\bin\java.dll
0x000000006ef70000 - 0x000000006ef93000 	D:\jdk\jre\bin\instrument.dll
0x00000000709d0000 - 0x00000000709e6000 	D:\jdk\jre\bin\zip.dll
0x000007fefdc60000 - 0x000007fefe9e9000 	C:\Windows\system32\SHELL32.dll
0x000007fefd770000 - 0x000007fefd973000 	C:\Windows\system32\ole32.dll
0x000007fefccc0000 - 0x000007fefcccf000 	C:\Windows\system32\profapi.dll
0x000007fef1780000 - 0x000007fef179a000 	D:\idea_anzhuang\IntelliJ IDEA 2017.1.2\bin\breakgen64.dll
0x0000000070940000 - 0x000000007095a000 	D:\jdk\jre\bin\net.dll
0x000007fefc560000 - 0x000007fefc5b5000 	C:\Windows\system32\mswsock.dll
0x000007fefc550000 - 0x000007fefc557000 	C:\Windows\System32\wship6.dll
0x000007fefb6f0000 - 0x000007fefb717000 	C:\Windows\system32\IPHLPAPI.DLL
0x000007fefb6e0000 - 0x000007fefb6eb000 	C:\Windows\system32\WINNSI.DLL
0x000007fefb5f0000 - 0x000007fefb601000 	C:\Windows\system32\dhcpcsvc6.DLL
0x000007fefb5a0000 - 0x000007fefb5b8000 	C:\Windows\system32\dhcpcsvc.DLL
0x000007fefc3b0000 - 0x000007fefc40b000 	C:\Windows\system32\DNSAPI.dll
0x0000000071950000 - 0x0000000071985000 	C:\Program Files\Bonjour\mdnsNSP.dll
0x000007fefbed0000 - 0x000007fefbed7000 	C:\Windows\System32\wshtcpip.dll
0x000007fef84d0000 - 0x000007fef84d8000 	C:\Windows\system32\rasadhlp.dll
0x000007fefb540000 - 0x000007fefb593000 	C:\Windows\System32\fwpuclnt.dll
0x000000006fd10000 - 0x000000006fd1d000 	D:\jdk\jre\bin\management.dll
0x000007fefb8b0000 - 0x000007fefb8c5000 	C:\Windows\system32\NLAapi.dll
0x000007fef8620000 - 0x000007fef8635000 	C:\Windows\system32\napinsp.dll
0x000007fef8600000 - 0x000007fef8619000 	C:\Windows\system32\pnrpnsp.dll
0x000007fef85f0000 - 0x000007fef85fb000 	C:\Windows\System32\winrnr.dll
0x00000000707e0000 - 0x00000000707f1000 	D:\jdk\jre\bin\nio.dll
0x000007fefc5c0000 - 0x000007fefc5d7000 	C:\Windows\system32\CRYPTSP.dll
0x000007fefc290000 - 0x000007fefc2d7000 	C:\Windows\system32\rsaenh.dll
0x000007fefc000000 - 0x000007fefc01e000 	C:\Windows\system32\USERENV.dll
0x000007fefcbf0000 - 0x000007fefcbff000 	C:\Windows\system32\CRYPTBASE.dll

VM Arguments:
jvm_args: -javaagent:D:\idea_anzhuang\IntelliJ IDEA 2017.1.2\lib\idea_rt.jar=54384:D:\idea_anzhuang\IntelliJ IDEA 2017.1.2\bin -Dfile.encoding=UTF-8 
java_command: com.qf.java1902.MemberProviderApplication
java_class_path (initial): D:\jdk\jre\lib\charsets.jar;D:\jdk\jre\lib\deploy.jar;D:\jdk\jre\lib\ext\access-bridge-64.jar;D:\jdk\jre\lib\ext\cldrdata.jar;D:\jdk\jre\lib\ext\dnsns.jar;D:\jdk\jre\lib\ext\jaccess.jar;D:\jdk\jre\lib\ext\jfxrt.jar;D:\jdk\jre\lib\ext\localedata.jar;D:\jdk\jre\lib\ext\nashorn.jar;D:\jdk\jre\lib\ext\sunec.jar;D:\jdk\jre\lib\ext\sunjce_provider.jar;D:\jdk\jre\lib\ext\sunmscapi.jar;D:\jdk\jre\lib\ext\sunpkcs11.jar;D:\jdk\jre\lib\ext\zipfs.jar;D:\jdk\jre\lib\javaws.jar;D:\jdk\jre\lib\jce.jar;D:\jdk\jre\lib\jfr.jar;D:\jdk\jre\lib\jfxswt.jar;D:\jdk\jre\lib\jsse.jar;D:\jdk\jre\lib\management-agent.jar;D:\jdk\jre\lib\plugin.jar;D:\jdk\jre\lib\resources.jar;D:\jdk\jre\lib\rt.jar;F:\idea_workspace\day0709_banwoqiche\member_provider\target\classes;D:\javalibrary\repository\org\springframework\boot\spring-boot-starter-jdbc\2.1.6.RELEASE\spring-boot-starter-jdbc-2.1.6.RELEASE.jar;D:\javalibrary\repository\org\springframework\boot\spring-boot-starter\2.1.6.RELEASE\spring-boot-starter-2.1.6.RELEASE.jar;D:\javalibrary\repository\org\springframework\boot\spring-boot\2.1.6.RELEASE\spring-boot-2.1.6.RELEASE.jar;D:\javalibrary\repository\org\springframework\boot\spring-boot-autoconfigure\2.1.6.RELEASE\spring-boot-autoconfigure-2.1.6.RELEASE.jar;D:\javalibrary\repository\org\springframework\boot\spring-boot-starter-logging\2.1.6.RELEASE\spring-boot-starter-logging-2.1.6.RELEASE.jar;D:\javalibrary\repository\ch\qos\logback\logback-classic\1.2.3\logback-classic-1.2.3.jar;D:\javalibrary\repository\ch\qos\logback\logback-core\1.2.3\logback-core-1.2.3.jar;D:\javalibrary\repository\org\apache\logging\log4j\log4j-to-slf4j\2.11.2\log4j-to-slf4j-2.11.2.jar;D:\javalibrary\repository\org\apache\logging\log4j\log4j-api\2.11.2\log4j-api-2.11.2.jar;D:\javalibrary\repository\org\slf4j\jul-to-slf4j\1.7.26\jul-to-slf4j-1.7.26.jar;D:\javalibrary\repository\javax\annotation\javax.annotation-api\1.3.2\javax.annotation-api-1.3.2.jar;D:\javalibrary\repository\org\yaml\snakeyaml\1.
Launcher Type: SUN_STANDARD

Environment Variables:
JAVA_HOME=D:\jdk
CLASSPATH=.;D:\jdk\lib;D:\jdk\lib\tools.jar
PATH=D:\oracle\product\10.2.0\db_1\bin;C:\Windows\system32;C:\Windows;C:\Windows\System32\Wbem;C:\Windows\System32\WindowsPowerShell\v1.0\;D:\jdk\bin;D:\jdk\jre\bin;D:\ruan_jian\maven\apache-maven-3.3.9\bin;D:\ruan_jian\mysql-5.7.17-winx64\bin;D:\ruan_jian_bao\vsc_anzhuangbao\;D:\ruan_jian_bao\git\Git\cmd;D:\ruan_jian_bao\git\Git\usr\bin;D:\ruan_jian_bao\git\Git\bin;C:\Users\Administrator\AppData\Roaming\npm;D:\ruan_jian_bao\vsc_anzhuangbao\Microsoft VS Code\bin
USERNAME=Administrator
OS=Windows_NT
PROCESSOR_IDENTIFIER=Intel64 Family 6 Model 42 Stepping 7, GenuineIntel



---------------  S Y S T E M  ---------------

OS: Windows 7 , 64 bit Build 7601 (6.1.7601.19160)

CPU:total 4 (2 cores per cpu, 2 threads per core) family 6 model 42 stepping 7, cmov, cx8, fxsr, mmx, sse, sse2, sse3, ssse3, sse4.1, sse4.2, popcnt, avx, aes, clmul, ht, tsc, tscinvbit

Memory: 4k page, physical 6268740k(808712k free), swap 8364056k(5224k free)

vm_info: Java HotSpot(TM) 64-Bit Server VM (25.51-b03) for windows-amd64 JRE (1.8.0_51-b16), built on Jun  8 2015 18:03:07 by "java_re" with MS VC++ 10.0 (VS2010)

time: Tue Jul 09 17:36:05 2019
elapsed time: 29 seconds (0d 0h 0m 29s)

